{"created": 1762798482.034316, "duration": 0.2857844829559326, "exitcode": 1, "root": "C:\\Users\\mocha\\Documents\\Assignments\\COMPSCI520\\COMPSCI520-Exercise-2", "environment": {}, "summary": {"passed": 8, "failed": 2, "total": 10, "collected": 10}, "collectors": [{"nodeid": "", "outcome": "passed", "result": [{"nodeid": "code/low_coverage_fault_module", "type": "Dir"}]}, {"nodeid": "code/low_coverage_fault_module/low_coverage_code", "outcome": "passed", "result": []}, {"nodeid": "code/low_coverage_fault_module/tests/test_below_threshold_1.py", "outcome": "passed", "result": [{"nodeid": "code/low_coverage_fault_module/tests/test_below_threshold_1.py::test_below_threshold_1", "type": "Function", "lineno": 4}]}, {"nodeid": "code/low_coverage_fault_module/tests/test_below_threshold_1_gen.py", "outcome": "passed", "result": [{"nodeid": "code/low_coverage_fault_module/tests/test_below_threshold_1_gen.py::test_non_list_input_raises", "type": "Function", "lineno": 3}, {"nodeid": "code/low_coverage_fault_module/tests/test_below_threshold_1_gen.py::test_empty_list_returns_false", "type": "Function", "lineno": 7}, {"nodeid": "code/low_coverage_fault_module/tests/test_below_threshold_1_gen.py::test_single_element_ge_threshold_returns_false", "type": "Function", "lineno": 10}, {"nodeid": "code/low_coverage_fault_module/tests/test_below_threshold_1_gen.py::test_later_element_ge_threshold_returns_false", "type": "Function", "lineno": 13}, {"nodeid": "code/low_coverage_fault_module/tests/test_below_threshold_1_gen.py::test_all_elements_below_threshold_returns_true", "type": "Function", "lineno": 16}]}, {"nodeid": "code/low_coverage_fault_module/tests/test_cot_results_llama_52.py", "outcome": "passed", "result": []}, {"nodeid": "code/low_coverage_fault_module/tests/test_cot_results_llama_80.py", "outcome": "passed", "result": []}, {"nodeid": "code/low_coverage_fault_module/tests/test_is_happy_2.py", "outcome": "passed", "result": [{"nodeid": "code/low_coverage_fault_module/tests/test_is_happy_2.py::test_is_happy_2", "type": "Function", "lineno": 4}]}, {"nodeid": "code/low_coverage_fault_module/tests/test_is_happy_2_gen.py", "outcome": "passed", "result": [{"nodeid": "code/low_coverage_fault_module/tests/test_is_happy_2_gen.py::test_short_sequence_returns_false", "type": "Function", "lineno": 4}, {"nodeid": "code/low_coverage_fault_module/tests/test_is_happy_2_gen.py::test_no_matches_returns_false", "type": "Function", "lineno": 7}, {"nodeid": "code/low_coverage_fault_module/tests/test_is_happy_2_gen.py::test_custom_sequence_returns_true", "type": "Function", "lineno": 10}]}, {"nodeid": "code/low_coverage_fault_module/tests", "outcome": "passed", "result": [{"nodeid": "code/low_coverage_fault_module/tests/test_below_threshold_1.py", "type": "Module"}, {"nodeid": "code/low_coverage_fault_module/tests/test_below_threshold_1_gen.py", "type": "Module"}, {"nodeid": "code/low_coverage_fault_module/tests/test_cot_results_llama_52.py", "type": "Module"}, {"nodeid": "code/low_coverage_fault_module/tests/test_cot_results_llama_80.py", "type": "Module"}, {"nodeid": "code/low_coverage_fault_module/tests/test_is_happy_2.py", "type": "Module"}, {"nodeid": "code/low_coverage_fault_module/tests/test_is_happy_2_gen.py", "type": "Module"}]}, {"nodeid": "code/low_coverage_fault_module", "outcome": "passed", "result": [{"nodeid": "code/low_coverage_fault_module/low_coverage_code", "type": "Package"}, {"nodeid": "code/low_coverage_fault_module/tests", "type": "Package"}]}], "tests": [{"nodeid": "code/low_coverage_fault_module/tests/test_below_threshold_1.py::test_below_threshold_1", "lineno": 4, "outcome": "passed", "keywords": ["test_below_threshold_1", "test_below_threshold_1.py", "tests", "low_coverage_fault_module", "code", "COMPSCI520-Exercise-2", ""], "setup": {"duration": 0.0006865999894216657, "outcome": "passed"}, "metadata": {"test_accuracy": 0.9694117646830727, "name": "test_below_threshold_1"}, "call": {"duration": 0.0006543000927194953, "outcome": "passed"}, "teardown": {"duration": 0.00030830001924186945, "outcome": "passed"}}, {"nodeid": "code/low_coverage_fault_module/tests/test_below_threshold_1_gen.py::test_non_list_input_raises", "lineno": 3, "outcome": "passed", "keywords": ["test_non_list_input_raises", "test_below_threshold_1_gen.py", "tests", "low_coverage_fault_module", "code", "COMPSCI520-Exercise-2", ""], "setup": {"duration": 0.00019080005586147308, "outcome": "passed"}, "call": {"duration": 0.0002522999420762062, "outcome": "passed"}, "teardown": {"duration": 0.00017739995382726192, "outcome": "passed"}}, {"nodeid": "code/low_coverage_fault_module/tests/test_below_threshold_1_gen.py::test_empty_list_returns_false", "lineno": 7, "outcome": "passed", "keywords": ["test_empty_list_returns_false", "test_below_threshold_1_gen.py", "tests", "low_coverage_fault_module", "code", "COMPSCI520-Exercise-2", ""], "setup": {"duration": 0.0001382000045850873, "outcome": "passed"}, "call": {"duration": 0.00014709995593875647, "outcome": "passed"}, "teardown": {"duration": 0.00013770000077784061, "outcome": "passed"}}, {"nodeid": "code/low_coverage_fault_module/tests/test_below_threshold_1_gen.py::test_single_element_ge_threshold_returns_false", "lineno": 10, "outcome": "failed", "keywords": ["test_single_element_ge_threshold_returns_false", "test_below_threshold_1_gen.py", "tests", "low_coverage_fault_module", "code", "COMPSCI520-Exercise-2", ""], "setup": {"duration": 0.0001305999467149377, "outcome": "passed"}, "call": {"duration": 0.0002948000328615308, "outcome": "failed", "crash": {"path": "C:\\Users\\mocha\\Documents\\Assignments\\COMPSCI520\\COMPSCI520-Exercise-2\\code\\low_coverage_fault_module\\tests\\test_below_threshold_1_gen.py", "lineno": 12, "message": "assert True is False\n +  where True = below_threshold([5], 5)"}, "traceback": [{"path": "tests\\test_below_threshold_1_gen.py", "lineno": 12, "message": "AssertionError"}], "longrepr": "def test_single_element_ge_threshold_returns_false():\n>       assert below_threshold([5], 5) is False\nE       assert True is False\nE        +  where True = below_threshold([5], 5)\n\ntests\\test_below_threshold_1_gen.py:12: AssertionError"}, "teardown": {"duration": 0.00026940007228404284, "outcome": "passed"}}, {"nodeid": "code/low_coverage_fault_module/tests/test_below_threshold_1_gen.py::test_later_element_ge_threshold_returns_false", "lineno": 13, "outcome": "passed", "keywords": ["test_later_element_ge_threshold_returns_false", "test_below_threshold_1_gen.py", "tests", "low_coverage_fault_module", "code", "COMPSCI520-Exercise-2", ""], "setup": {"duration": 0.00018039997667074203, "outcome": "passed"}, "call": {"duration": 0.00017090002074837685, "outcome": "passed"}, "teardown": {"duration": 0.00014570006169378757, "outcome": "passed"}}, {"nodeid": "code/low_coverage_fault_module/tests/test_below_threshold_1_gen.py::test_all_elements_below_threshold_returns_true", "lineno": 16, "outcome": "passed", "keywords": ["test_all_elements_below_threshold_returns_true", "test_below_threshold_1_gen.py", "tests", "low_coverage_fault_module", "code", "COMPSCI520-Exercise-2", ""], "setup": {"duration": 0.0001316999550908804, "outcome": "passed"}, "call": {"duration": 0.0001444999361410737, "outcome": "passed"}, "teardown": {"duration": 0.0001395998988300562, "outcome": "passed"}}, {"nodeid": "code/low_coverage_fault_module/tests/test_is_happy_2.py::test_is_happy_2", "lineno": 4, "outcome": "passed", "keywords": ["test_is_happy_2", "test_is_happy_2.py", "tests", "low_coverage_fault_module", "code", "COMPSCI520-Exercise-2", ""], "setup": {"duration": 0.0004211999475955963, "outcome": "passed"}, "metadata": {"test_accuracy": 0.9441517386623377, "name": "test_is_happy_2"}, "call": {"duration": 0.05069730000104755, "outcome": "passed"}, "teardown": {"duration": 0.0006733000045642257, "outcome": "passed"}}, {"nodeid": "code/low_coverage_fault_module/tests/test_is_happy_2_gen.py::test_short_sequence_returns_false", "lineno": 4, "outcome": "passed", "keywords": ["test_short_sequence_returns_false", "test_is_happy_2_gen.py", "tests", "low_coverage_fault_module", "code", "COMPSCI520-Exercise-2", ""], "setup": {"duration": 0.0002610000083222985, "outcome": "passed"}, "call": {"duration": 0.00016920000780373812, "outcome": "passed"}, "teardown": {"duration": 0.00033189996611326933, "outcome": "passed"}}, {"nodeid": "code/low_coverage_fault_module/tests/test_is_happy_2_gen.py::test_no_matches_returns_false", "lineno": 7, "outcome": "passed", "keywords": ["test_no_matches_returns_false", "test_is_happy_2_gen.py", "tests", "low_coverage_fault_module", "code", "COMPSCI520-Exercise-2", ""], "setup": {"duration": 0.00013699999544769526, "outcome": "passed"}, "call": {"duration": 0.0001498999772593379, "outcome": "passed"}, "teardown": {"duration": 0.00021299999207258224, "outcome": "passed"}}, {"nodeid": "code/low_coverage_fault_module/tests/test_is_happy_2_gen.py::test_custom_sequence_returns_true", "lineno": 10, "outcome": "failed", "keywords": ["test_custom_sequence_returns_true", "test_is_happy_2_gen.py", "tests", "low_coverage_fault_module", "code", "COMPSCI520-Exercise-2", ""], "setup": {"duration": 0.00017269991803914309, "outcome": "passed"}, "call": {"duration": 0.00037409993819892406, "outcome": "failed", "crash": {"path": "C:\\Users\\mocha\\Documents\\Assignments\\COMPSCI520\\COMPSCI520-Exercise-2\\code\\low_coverage_fault_module\\tests\\test_is_happy_2_gen.py", "lineno": 21, "message": "assert False is True\n +  where False = is_happy(<tests.test_is_happy_2_gen.test_custom_sequence_returns_true.<locals>.HappySeq object at 0x000001C6D4010440>)"}, "traceback": [{"path": "tests\\test_is_happy_2_gen.py", "lineno": 21, "message": "AssertionError"}], "longrepr": "def test_custom_sequence_returns_true():\n        class HappySeq:\n            def __len__(self):\n                return 5\n            def __getitem__(self, idx):\n                if isinstance(idx, slice):\n                    start = idx.start\n                    return self[start + 1]\n                return f\"item{idx}\"\n        s = HappySeq()\n>       assert is_happy(s) is True\nE       assert False is True\nE        +  where False = is_happy(<tests.test_is_happy_2_gen.test_custom_sequence_returns_true.<locals>.HappySeq object at 0x000001C6D4010440>)\n\ntests\\test_is_happy_2_gen.py:21: AssertionError"}, "teardown": {"duration": 0.0002850999590009451, "outcome": "passed"}}]}